<?xml version="1.0" encoding="UTF-8"?>
<testsuite name="TeacherTest" tests="1" skipped="0" failures="0" errors="0" timestamp="2021-07-12T03:38:00" hostname="macs-MacBook-Pro.local" time="0.029">
  <properties/>
  <testcase name="validateShowStudentsFunction()" classname="TeacherTest" time="0.029"/>
  <system-out><![CDATA[]]></system-out>
  <system-err><![CDATA[]]></system-err>
</testsuite>
