<?xml version="1.0" encoding="UTF-8"?>
<testsuite name="PrincipalTest" tests="1" skipped="0" failures="0" errors="0" timestamp="2021-07-06T15:25:25" hostname="macs-MacBook-Pro.local" time="0.037">
  <properties/>
  <testcase name="validateHireApplicantFunctionOne()" classname="PrincipalTest" time="0.037"/>
  <system-out><![CDATA[]]></system-out>
  <system-err><![CDATA[]]></system-err>
</testsuite>
